MJPG Streamer Version: svn rev: 3:160M
ERROR: could not find input plugin
       Perhaps you want to adjust the search path with:
       # export LD_LIBRARY_PATH=/path/to/plugin/folder
       dlopen: libv4l2.so.0: cannot open shared object file: No such file or directory
MJPG Streamer Version: svn rev: 3:160M
 i: Using V4L2 device.: /dev/video0
 i: Desired Resolution: 640 x 480
 i: Frames Per Second.: 4
 i: Format............: MJPEG
Adding control for Pan (relative)
UVCIOC_CTRL_ADD - Error: Invalid argument
Adding control for Tilt (relative)
UVCIOC_CTRL_ADD - Error: Invalid argument
Adding control for Pan Reset
UVCIOC_CTRL_ADD - Error: Invalid argument
Adding control for Tilt Reset
UVCIOC_CTRL_ADD - Error: Invalid argument
Adding control for Pan/tilt Reset
UVCIOC_CTRL_ADD - Error: Invalid argument
Adding control for Focus (absolute)
UVCIOC_CTRL_ADD - Error: Invalid argument
mapping control for Pan (relative)
UVCIOC_CTRL_MAP - Error: Invalid argument
mapping control for Tilt (relative)
UVCIOC_CTRL_MAP - Error: Invalid argument
mapping control for Pan Reset
UVCIOC_CTRL_MAP - Error: Invalid argument
mapping control for Tilt Reset
UVCIOC_CTRL_MAP - Error: Invalid argument
mapping control for Pan/tilt Reset
UVCIOC_CTRL_MAP - Error: Invalid argument
mapping control for Focus (absolute)
UVCIOC_CTRL_MAP - Error: Invalid argument
mapping control for LED1 Mode
UVCIOC_CTRL_MAP - Error: Invalid argument
mapping control for LED1 Frequency
UVCIOC_CTRL_MAP - Error: Invalid argument
mapping control for Disable video processing
UVCIOC_CTRL_MAP - Error: Invalid argument
mapping control for Raw bits per pixel
UVCIOC_CTRL_MAP - Error: Invalid argument
 o: www-folder-path...: www/
 o: HTTP TCP port.....: 8080
 o: username:password.: disabled
 o: commands..........: enabled
starting hanging check task
starting running check task
serving client: 192.168.1.64
serving client: 192.168.1.64
serving client: 192.168.1.64
serving client: 192.168.1.64
server stopped, starting
MJPG Streamer Version: svn rev: 3:160M
 i: Using V4L2 device.: /dev/video0
 i: Desired Resolution: 640 x 480
 i: Frames Per Second.: 4
 i: Format............: MJPEG
Adding control for Pan (relative)
UVCIOC_CTRL_ADD - Error: Invalid argument
Adding control for Tilt (relative)
UVCIOC_CTRL_ADD - Error: Invalid argument
Adding control for Pan Reset
UVCIOC_CTRL_ADD - Error: Invalid argument
Adding control for Tilt Reset
UVCIOC_CTRL_ADD - Error: Invalid argument
Adding control for Pan/tilt Reset
UVCIOC_CTRL_ADD - Error: Invalid argument
Adding control for Focus (absolute)
UVCIOC_CTRL_ADD - Error: Invalid argument
mapping control for Pan (relative)
UVCIOC_CTRL_MAP - Error: Invalid argument
mapping control for Tilt (relative)
UVCIOC_CTRL_MAP - Error: Invalid argument
mapping control for Pan Reset
UVCIOC_CTRL_MAP - Error: Invalid argument
mapping control for Tilt Reset
UVCIOC_CTRL_MAP - Error: Invalid argument
mapping control for Pan/tilt Reset
UVCIOC_CTRL_MAP - Error: Invalid argument
mapping control for Focus (absolute)
UVCIOC_CTRL_MAP - Error: Invalid argument
mapping control for LED1 Mode
UVCIOC_CTRL_MAP - Error: Invalid argument
mapping control for LED1 Frequency
UVCIOC_CTRL_MAP - Error: Invalid argument
mapping control for Disable video processing
UVCIOC_CTRL_MAP - Error: Invalid argument
mapping control for Raw bits per pixel
UVCIOC_CTRL_MAP - Error: Invalid argument
 o: www-folder-path...: www/
 o: HTTP TCP port.....: 8080
 o: username:password.: disabled
 o: commands..........: enabled
serving client: 192.168.1.64
serving client: 192.168.1.64
serving client: 192.168.1.64
MJPG Streamer Version: svn rev: 3:160M
 i: Using V4L2 device.: /dev/video0
 i: Desired Resolution: 640 x 480
 i: Frames Per Second.: 24
 i: Format............: MJPEG
Adding control for Pan (relative)
UVCIOC_CTRL_ADD - Error: Invalid argument
Adding control for Tilt (relative)
UVCIOC_CTRL_ADD - Error: Invalid argument
Adding control for Pan Reset
UVCIOC_CTRL_ADD - Error: Invalid argument
Adding control for Tilt Reset
UVCIOC_CTRL_ADD - Error: Invalid argument
Adding control for Pan/tilt Reset
UVCIOC_CTRL_ADD - Error: Invalid argument
Adding control for Focus (absolute)
UVCIOC_CTRL_ADD - Error: Invalid argument
mapping control for Pan (relative)
UVCIOC_CTRL_MAP - Error: Invalid argument
mapping control for Tilt (relative)
UVCIOC_CTRL_MAP - Error: Invalid argument
mapping control for Pan Reset
UVCIOC_CTRL_MAP - Error: Invalid argument
mapping control for Tilt Reset
UVCIOC_CTRL_MAP - Error: Invalid argument
mapping control for Pan/tilt Reset
UVCIOC_CTRL_MAP - Error: Invalid argument
mapping control for Focus (absolute)
UVCIOC_CTRL_MAP - Error: Invalid argument
mapping control for LED1 Mode
UVCIOC_CTRL_MAP - Error: Invalid argument
mapping control for LED1 Frequency
UVCIOC_CTRL_MAP - Error: Invalid argument
mapping control for Disable video processing
UVCIOC_CTRL_MAP - Error: Invalid argument
mapping control for Raw bits per pixel
UVCIOC_CTRL_MAP - Error: Invalid argument
 o: www-folder-path...: www/
 o: HTTP TCP port.....: 8080
 o: username:password.: disabled
 o: commands..........: enabled
starting running check task
starting hanging check task
serving client: 192.168.1.64
serving client: 192.168.1.64
MJPG Streamer Version: svn rev: 3:160M
 i: Using V4L2 device.: /dev/video0
 i: Desired Resolution: 1280 x 960
 i: Frames Per Second.: 24
 i: Format............: MJPEG
i: The format asked unavailable, so the width 960 height 720 
Adding control for Pan (relative)
UVCIOC_CTRL_ADD - Error: Invalid argument
Adding control for Tilt (relative)
UVCIOC_CTRL_ADD - Error: Invalid argument
Adding control for Pan Reset
UVCIOC_CTRL_ADD - Error: Invalid argument
Adding control for Tilt Reset
UVCIOC_CTRL_ADD - Error: Invalid argument
Adding control for Pan/tilt Reset
UVCIOC_CTRL_ADD - Error: Invalid argument
Adding control for Focus (absolute)
UVCIOC_CTRL_ADD - Error: Invalid argument
mapping control for Pan (relative)
UVCIOC_CTRL_MAP - Error: Invalid argument
mapping control for Tilt (relative)
UVCIOC_CTRL_MAP - Error: Invalid argument
mapping control for Pan Reset
UVCIOC_CTRL_MAP - Error: Invalid argument
mapping control for Tilt Reset
UVCIOC_CTRL_MAP - Error: Invalid argument
mapping control for Pan/tilt Reset
UVCIOC_CTRL_MAP - Error: Invalid argument
mapping control for Focus (absolute)
UVCIOC_CTRL_MAP - Error: Invalid argument
mapping control for LED1 Mode
UVCIOC_CTRL_MAP - Error: Invalid argument
mapping control for LED1 Frequency
UVCIOC_CTRL_MAP - Error: Invalid argument
mapping control for Disable video processing
UVCIOC_CTRL_MAP - Error: Invalid argument
mapping control for Raw bits per pixel
UVCIOC_CTRL_MAP - Error: Invalid argument
 o: www-folder-path...: www/
 o: HTTP TCP port.....: 8080
 o: username:password.: disabled
 o: commands..........: enabled
starting running check task
starting hanging check task
serving client: 192.168.1.64
serving client: 192.168.1.64
serving client: 192.168.1.64
MJPG Streamer Version: svn rev: 3:160M
 i: Using V4L2 device.: /dev/video0
 i: Desired Resolution: 1280 x 960
 i: Frames Per Second.: 4
 i: Format............: MJPEG
i: The format asked unavailable, so the width 960 height 720 
Adding control for Pan (relative)
UVCIOC_CTRL_ADD - Error: Invalid argument
Adding control for Tilt (relative)
UVCIOC_CTRL_ADD - Error: Invalid argument
Adding control for Pan Reset
UVCIOC_CTRL_ADD - Error: Invalid argument
Adding control for Tilt Reset
UVCIOC_CTRL_ADD - Error: Invalid argument
Adding control for Pan/tilt Reset
UVCIOC_CTRL_ADD - Error: Invalid argument
Adding control for Focus (absolute)
UVCIOC_CTRL_ADD - Error: Invalid argument
mapping control for Pan (relative)
UVCIOC_CTRL_MAP - Error: Invalid argument
mapping control for Tilt (relative)
UVCIOC_CTRL_MAP - Error: Invalid argument
mapping control for Pan Reset
UVCIOC_CTRL_MAP - Error: Invalid argument
mapping control for Tilt Reset
UVCIOC_CTRL_MAP - Error: Invalid argument
mapping control for Pan/tilt Reset
UVCIOC_CTRL_MAP - Error: Invalid argument
mapping control for Focus (absolute)
UVCIOC_CTRL_MAP - Error: Invalid argument
mapping control for LED1 Mode
UVCIOC_CTRL_MAP - Error: Invalid argument
mapping control for LED1 Frequency
UVCIOC_CTRL_MAP - Error: Invalid argument
mapping control for Disable video processing
UVCIOC_CTRL_MAP - Error: Invalid argument
mapping control for Raw bits per pixel
UVCIOC_CTRL_MAP - Error: Invalid argument
 o: www-folder-path...: www/
 o: HTTP TCP port.....: 8080
 o: username:password.: disabled
 o: commands..........: enabled
starting running check task
starting hanging check task
serving client: 192.168.1.64
serving client: 192.168.1.64
serving client: 192.168.1.64
MJPG Streamer Version: svn rev: 3:160M
 i: Using V4L2 device.: /dev/video0
 i: Desired Resolution: 640 x 480
 i: Frames Per Second.: 4
 i: Format............: MJPEG
Adding control for Pan (relative)
UVCIOC_CTRL_ADD - Error: Invalid argument
Adding control for Tilt (relative)
UVCIOC_CTRL_ADD - Error: Invalid argument
Adding control for Pan Reset
UVCIOC_CTRL_ADD - Error: Invalid argument
Adding control for Tilt Reset
UVCIOC_CTRL_ADD - Error: Invalid argument
Adding control for Pan/tilt Reset
UVCIOC_CTRL_ADD - Error: Invalid argument
Adding control for Focus (absolute)
UVCIOC_CTRL_ADD - Error: Invalid argument
mapping control for Pan (relative)
UVCIOC_CTRL_MAP - Error: Invalid argument
mapping control for Tilt (relative)
UVCIOC_CTRL_MAP - Error: Invalid argument
mapping control for Pan Reset
UVCIOC_CTRL_MAP - Error: Invalid argument
mapping control for Tilt Reset
UVCIOC_CTRL_MAP - Error: Invalid argument
mapping control for Pan/tilt Reset
UVCIOC_CTRL_MAP - Error: Invalid argument
mapping control for Focus (absolute)
UVCIOC_CTRL_MAP - Error: Invalid argument
mapping control for LED1 Mode
UVCIOC_CTRL_MAP - Error: Invalid argument
mapping control for LED1 Frequency
UVCIOC_CTRL_MAP - Error: Invalid argument
mapping control for Disable video processing
UVCIOC_CTRL_MAP - Error: Invalid argument
mapping control for Raw bits per pixel
UVCIOC_CTRL_MAP - Error: Invalid argument
 o: www-folder-path...: www/
 o: HTTP TCP port.....: 8080
 o: username:password.: disabled
 o: commands..........: enabled
starting running check task
starting hanging check task
serving client: 192.168.1.64
serving client: 192.168.1.64
MJPG Streamer Version: svn rev: 3:160M
 i: Using V4L2 device.: /dev/video0
 i: Desired Resolution: 640 x 480
 i: Frames Per Second.: 4
 i: Format............: MJPEG
Adding control for Pan (relative)
UVCIOC_CTRL_ADD - Error: Invalid argument
Adding control for Tilt (relative)
UVCIOC_CTRL_ADD - Error: Invalid argument
Adding control for Pan Reset
UVCIOC_CTRL_ADD - Error: Invalid argument
Adding control for Tilt Reset
UVCIOC_CTRL_ADD - Error: Invalid argument
Adding control for Pan/tilt Reset
UVCIOC_CTRL_ADD - Error: Invalid argument
Adding control for Focus (absolute)
UVCIOC_CTRL_ADD - Error: Invalid argument
mapping control for Pan (relative)
UVCIOC_CTRL_MAP - Error: Invalid argument
mapping control for Tilt (relative)
UVCIOC_CTRL_MAP - Error: Invalid argument
mapping control for Pan Reset
UVCIOC_CTRL_MAP - Error: Invalid argument
mapping control for Tilt Reset
UVCIOC_CTRL_MAP - Error: Invalid argument
mapping control for Pan/tilt Reset
UVCIOC_CTRL_MAP - Error: Invalid argument
mapping control for Focus (absolute)
UVCIOC_CTRL_MAP - Error: Invalid argument
mapping control for LED1 Mode
UVCIOC_CTRL_MAP - Error: Invalid argument
mapping control for LED1 Frequency
UVCIOC_CTRL_MAP - Error: Invalid argument
mapping control for Disable video processing
UVCIOC_CTRL_MAP - Error: Invalid argument
mapping control for Raw bits per pixel
UVCIOC_CTRL_MAP - Error: Invalid argument
 o: www-folder-path...: www/
 o: HTTP TCP port.....: 8080
 o: username:password.: disabled
 o: commands..........: enabled
serving client: 192.168.1.64
serving client: 192.168.1.64
starting hanging check task
starting running check task
serving client: 192.168.1.64
serving client: 192.168.1.64
serving client: 192.168.1.64
serving client: 192.168.1.64
serving client: 192.168.1.64
serving client: 192.168.1.64
serving client: 192.168.1.64
serving client: 192.168.1.64
serving client: 86.146.161.187
serving client: 86.146.161.187
serving client: 86.146.161.187
serving client: 69.171.247.119
serving client: 69.171.224.112
serving client: 69.171.230.249
serving client: 69.171.247.117
